This is pdfTeX, Version 3.14159265-2.6-1.40.18 (TeX Live 2017/W32TeX) (preloaded format=pdflatex 2017.12.20)  18 JAN 2018 15:33
entering extended mode
 restricted \write18 enabled.
 %&-line parsing enabled.
**./ethics_shaping.tex
(./ethics_shaping.tex
LaTeX2e <2017-04-15>
Babel <3.10> and hyphenation patterns for 84 language(s) loaded.
(c:/texlive/2017/texmf-dist/tex/latex/base/article.cls
Document Class: article 2014/09/29 v1.4h Standard LaTeX document class
(c:/texlive/2017/texmf-dist/tex/latex/base/size10.clo
File: size10.clo 2014/09/29 v1.4h Standard LaTeX file (size option)
)
\c@part=\count79
\c@section=\count80
\c@subsection=\count81
\c@subsubsection=\count82
\c@paragraph=\count83
\c@subparagraph=\count84
\c@figure=\count85
\c@table=\count86
\abovecaptionskip=\skip41
\belowcaptionskip=\skip42
\bibindent=\dimen102
) (./aaai18.sty
Conference Style for AAAI for LaTeX 2e -- version for the AAAI-18 conference
\titlebox=\skip43
) (c:/texlive/2017/texmf-dist/tex/latex/psnfss/times.sty
Package: times 2005/04/12 PSNFSS-v9.2a (SPQR) 
)
(c:/texlive/2017/texmf-dist/tex/latex/psnfss/helvet.sty
Package: helvet 2005/04/12 PSNFSS-v9.2a (WaS) 

(c:/texlive/2017/texmf-dist/tex/latex/graphics/keyval.sty
Package: keyval 2014/10/28 v1.15 key=value parser (DPC)
\KV@toks@=\toks14
))
(c:/texlive/2017/texmf-dist/tex/latex/psnfss/courier.sty
Package: courier 2005/04/12 PSNFSS-v9.2a (WaS) 
)
(c:/texlive/2017/texmf-dist/tex/latex/url/url.sty
\Urlmuskip=\muskip10
Package: url 2013/09/16  ver 3.4  Verb mode for urls, etc.
)
(c:/texlive/2017/texmf-dist/tex/latex/graphics/graphicx.sty
Package: graphicx 2014/10/28 v1.0g Enhanced LaTeX Graphics (DPC,SPQR)

(c:/texlive/2017/texmf-dist/tex/latex/graphics/graphics.sty
Package: graphics 2017/04/14 v1.1b Standard LaTeX Graphics (DPC,SPQR)

(c:/texlive/2017/texmf-dist/tex/latex/graphics/trig.sty
Package: trig 2016/01/03 v1.10 sin cos tan (DPC)
)
(c:/texlive/2017/texmf-dist/tex/latex/graphics-cfg/graphics.cfg
File: graphics.cfg 2016/06/04 v1.11 sample graphics configuration
)
Package graphics Info: Driver file: pdftex.def on input line 99.

(c:/texlive/2017/texmf-dist/tex/latex/graphics-def/pdftex.def
File: pdftex.def 2017/01/12 v0.06k Graphics/color for pdfTeX

(c:/texlive/2017/texmf-dist/tex/generic/oberdiek/infwarerr.sty
Package: infwarerr 2016/05/16 v1.4 Providing info/warning/error messages (HO)
)
(c:/texlive/2017/texmf-dist/tex/generic/oberdiek/ltxcmds.sty
Package: ltxcmds 2016/05/16 v1.23 LaTeX kernel commands for general use (HO)
)
\Gread@gobject=\count87
))
\Gin@req@height=\dimen103
\Gin@req@width=\dimen104
)
(c:/texlive/2017/texmf-dist/tex/latex/amscls/amsthm.sty
Package: amsthm 2015/03/04 v2.20.2
\thm@style=\toks15
\thm@bodyfont=\toks16
\thm@headfont=\toks17
\thm@notefont=\toks18
\thm@headpunct=\toks19
\thm@preskip=\skip44
\thm@postskip=\skip45
\thm@headsep=\skip46
\dth@everypar=\toks20
)
(c:/texlive/2017/texmf-dist/tex/latex/bbm-macros/bbm.sty
Package: bbm 1999/03/15 V 1.2 provides fonts for set symbols - TH
LaTeX Font Info:    Overwriting math alphabet `\mathbbm' in version `bold'
(Font)                  U/bbm/m/n --> U/bbm/bx/n on input line 33.
LaTeX Font Info:    Overwriting math alphabet `\mathbbmss' in version `bold'
(Font)                  U/bbmss/m/n --> U/bbmss/bx/n on input line 35.
)
(c:/texlive/2017/texmf-dist/tex/latex/preprint/balance.sty
Package: balance 1999/02/23 4.3 (PWD)
\oldvsize=\dimen105
)
(c:/texlive/2017/texmf-dist/tex/latex/mathtools/mathtools.sty
Package: mathtools 2015/11/12 v1.18 mathematical typesetting tools

(c:/texlive/2017/texmf-dist/tex/latex/tools/calc.sty
Package: calc 2014/10/28 v4.3 Infix arithmetic (KKT,FJ)
\calc@Acount=\count88
\calc@Bcount=\count89
\calc@Adimen=\dimen106
\calc@Bdimen=\dimen107
\calc@Askip=\skip47
\calc@Bskip=\skip48
LaTeX Info: Redefining \setlength on input line 80.
LaTeX Info: Redefining \addtolength on input line 81.
\calc@Ccount=\count90
\calc@Cskip=\skip49
)
(c:/texlive/2017/texmf-dist/tex/latex/mathtools/mhsetup.sty
Package: mhsetup 2010/01/21 v1.2a programming setup (MH)
)
(c:/texlive/2017/texmf-dist/tex/latex/amsmath/amsmath.sty
Package: amsmath 2016/11/05 v2.16a AMS math features
\@mathmargin=\skip50

For additional information on amsmath, use the `?' option.
(c:/texlive/2017/texmf-dist/tex/latex/amsmath/amstext.sty
Package: amstext 2000/06/29 v2.01 AMS text

(c:/texlive/2017/texmf-dist/tex/latex/amsmath/amsgen.sty
File: amsgen.sty 1999/11/30 v2.0 generic functions
\@emptytoks=\toks21
\ex@=\dimen108
))
(c:/texlive/2017/texmf-dist/tex/latex/amsmath/amsbsy.sty
Package: amsbsy 1999/11/29 v1.2d Bold Symbols
\pmbraise@=\dimen109
)
(c:/texlive/2017/texmf-dist/tex/latex/amsmath/amsopn.sty
Package: amsopn 2016/03/08 v2.02 operator names
)
\inf@bad=\count91
LaTeX Info: Redefining \frac on input line 213.
\uproot@=\count92
\leftroot@=\count93
LaTeX Info: Redefining \overline on input line 375.
\classnum@=\count94
\DOTSCASE@=\count95
LaTeX Info: Redefining \ldots on input line 472.
LaTeX Info: Redefining \dots on input line 475.
LaTeX Info: Redefining \cdots on input line 596.
\Mathstrutbox@=\box26
\strutbox@=\box27
\big@size=\dimen110
LaTeX Font Info:    Redeclaring font encoding OML on input line 712.
LaTeX Font Info:    Redeclaring font encoding OMS on input line 713.
\macc@depth=\count96
\c@MaxMatrixCols=\count97
\dotsspace@=\muskip11
\c@parentequation=\count98
\dspbrk@lvl=\count99
\tag@help=\toks22
\row@=\count100
\column@=\count101
\maxfields@=\count102
\andhelp@=\toks23
\eqnshift@=\dimen111
\alignsep@=\dimen112
\tagshift@=\dimen113
\tagwidth@=\dimen114
\totwidth@=\dimen115
\lineht@=\dimen116
\@envbody=\toks24
\multlinegap=\skip51
\multlinetaggap=\skip52
\mathdisplay@stack=\toks25
LaTeX Info: Redefining \[ on input line 2817.
LaTeX Info: Redefining \] on input line 2818.
)
LaTeX Info: Thecontrolsequence`\('isalreadyrobust on input line 129.
LaTeX Info: Thecontrolsequence`\)'isalreadyrobust on input line 129.
LaTeX Info: Thecontrolsequence`\['isalreadyrobust on input line 129.
LaTeX Info: Thecontrolsequence`\]'isalreadyrobust on input line 129.
\g_MT_multlinerow_int=\count103
\l_MT_multwidth_dim=\dimen117
\origjot=\skip53
\l_MT_shortvdotswithinadjustabove_dim=\dimen118
\l_MT_shortvdotswithinadjustbelow_dim=\dimen119
\l_MT_above_intertext_sep=\dimen120
\l_MT_below_intertext_sep=\dimen121
\l_MT_above_shortintertext_sep=\dimen122
\l_MT_below_shortintertext_sep=\dimen123
)
(c:/texlive/2017/texmf-dist/tex/latex/amsfonts/amssymb.sty
Package: amssymb 2013/01/14 v3.01 AMS font symbols

(c:/texlive/2017/texmf-dist/tex/latex/amsfonts/amsfonts.sty
Package: amsfonts 2013/01/14 v3.01 Basic AMSFonts support
\symAMSa=\mathgroup4
\symAMSb=\mathgroup5
LaTeX Font Info:    Overwriting math alphabet `\mathfrak' in version `bold'
(Font)                  U/euf/m/n --> U/euf/b/n on input line 106.
))
No file ethics_shaping.aux.
\openout1 = `ethics_shaping.aux'.

LaTeX Font Info:    Checking defaults for OML/cmm/m/it on input line 26.
LaTeX Font Info:    ... okay on input line 26.
LaTeX Font Info:    Checking defaults for T1/cmr/m/n on input line 26.
LaTeX Font Info:    ... okay on input line 26.
LaTeX Font Info:    Checking defaults for OT1/cmr/m/n on input line 26.
LaTeX Font Info:    ... okay on input line 26.
LaTeX Font Info:    Checking defaults for OMS/cmsy/m/n on input line 26.
LaTeX Font Info:    ... okay on input line 26.
LaTeX Font Info:    Checking defaults for OMX/cmex/m/n on input line 26.
LaTeX Font Info:    ... okay on input line 26.
LaTeX Font Info:    Checking defaults for U/cmr/m/n on input line 26.
LaTeX Font Info:    ... okay on input line 26.
LaTeX Font Info:    Try loading font information for OT1+ptm on input line 26.
(c:/texlive/2017/texmf-dist/tex/latex/psnfss/ot1ptm.fd
File: ot1ptm.fd 2001/06/04 font definitions for OT1/ptm.
)
(c:/texlive/2017/texmf-dist/tex/context/base/mkii/supp-pdf.mkii
[Loading MPS to PDF converter (version 2006.09.02).]
\scratchcounter=\count104
\scratchdimen=\dimen124
\scratchbox=\box28
\nofMPsegments=\count105
\nofMParguments=\count106
\everyMPshowfont=\toks26
\MPscratchCnt=\count107
\MPscratchDim=\dimen125
\MPnumerator=\count108
\makeMPintoPDFobject=\count109
\everyMPtoPDFconversion=\toks27
) (c:/texlive/2017/texmf-dist/tex/generic/oberdiek/pdftexcmds.sty
Package: pdftexcmds 2017/03/19 v0.25 Utility functions of pdfTeX for LuaTeX (HO
)

(c:/texlive/2017/texmf-dist/tex/generic/oberdiek/ifluatex.sty
Package: ifluatex 2016/05/16 v1.4 Provides the ifluatex switch (HO)
Package ifluatex Info: LuaTeX not detected.
)
(c:/texlive/2017/texmf-dist/tex/generic/oberdiek/ifpdf.sty
Package: ifpdf 2017/03/15 v3.2 Provides the ifpdf switch
)
Package pdftexcmds Info: LuaTeX not detected.
Package pdftexcmds Info: \pdf@primitive is available.
Package pdftexcmds Info: \pdf@ifprimitive is available.
Package pdftexcmds Info: \pdfdraftmode found.
)
(c:/texlive/2017/texmf-dist/tex/latex/oberdiek/epstopdf-base.sty
Package: epstopdf-base 2016/05/15 v2.6 Base part for package epstopdf

(c:/texlive/2017/texmf-dist/tex/latex/oberdiek/grfext.sty
Package: grfext 2016/05/16 v1.2 Manage graphics extensions (HO)

(c:/texlive/2017/texmf-dist/tex/generic/oberdiek/kvdefinekeys.sty
Package: kvdefinekeys 2016/05/16 v1.4 Define keys (HO)
))
(c:/texlive/2017/texmf-dist/tex/latex/oberdiek/kvoptions.sty
Package: kvoptions 2016/05/16 v3.12 Key value format for package options (HO)

(c:/texlive/2017/texmf-dist/tex/generic/oberdiek/kvsetkeys.sty
Package: kvsetkeys 2016/05/16 v1.17 Key value parser (HO)

(c:/texlive/2017/texmf-dist/tex/generic/oberdiek/etexcmds.sty
Package: etexcmds 2016/05/16 v1.6 Avoid name clashes with e-TeX commands (HO)
Package etexcmds Info: Could not find \expanded.
(etexcmds)             That can mean that you are not using pdfTeX 1.50 or
(etexcmds)             that some package has redefined \expanded.
(etexcmds)             In the latter case, load this package earlier.
)))
Package epstopdf-base Info: Redefining graphics rule for `.eps' on input line 4
38.
Package grfext Info: Graphics extension search list:
(grfext)             [.png,.pdf,.jpg,.mps,.jpeg,.jbig2,.jb2,.PNG,.PDF,.JPG,.JPE
G,.JBIG2,.JB2,.eps]
(grfext)             \AppendGraphicsExtensions on input line 456.

(c:/texlive/2017/texmf-dist/tex/latex/latexconfig/epstopdf-sys.cfg
File: epstopdf-sys.cfg 2010/07/13 v1.3 Configuration of (r)epstopdf for TeX Liv
e
))
LaTeX Font Info:    Font shape `OT1/ptm/bx/n' in size <14.4> not available
(Font)              Font shape `OT1/ptm/b/n' tried instead on input line 36.
LaTeX Font Info:    Try loading font information for U+msa on input line 36.

(c:/texlive/2017/texmf-dist/tex/latex/amsfonts/umsa.fd
File: umsa.fd 2013/01/14 v3.01 AMS symbols A
)
LaTeX Font Info:    Try loading font information for U+msb on input line 36.

(c:/texlive/2017/texmf-dist/tex/latex/amsfonts/umsb.fd
File: umsb.fd 2013/01/14 v3.01 AMS symbols B
)
LaTeX Font Info:    Font shape `OT1/ptm/bx/n' in size <12> not available
(Font)              Font shape `OT1/ptm/b/n' tried instead on input line 36.
LaTeX Font Info:    Try loading font information for OMS+ptm on input line 36.

(c:/texlive/2017/texmf-dist/tex/latex/psnfss/omsptm.fd
File: omsptm.fd 
)
LaTeX Font Info:    Font shape `OMS/ptm/m/n' in size <9> not available
(Font)              Font shape `OMS/cmsy/m/n' tried instead on input line 36.
LaTeX Font Info:    Font shape `OT1/ptm/bx/n' in size <10> not available
(Font)              Font shape `OT1/ptm/b/n' tried instead on input line 37.


LaTeX Warning: Citation `clinicalai' on page 1 undefined on input line 44.


LaTeX Warning: Citation `reinforcement' on page 1 undefined on input line 44.


LaTeX Warning: Citation `pac' on page 1 undefined on input line 44.


LaTeX Warning: Citation `rmax' on page 1 undefined on input line 44.


LaTeX Warning: Citation `pacmdp' on page 1 undefined on input line 44.


LaTeX Warning: Citation `concrete' on page 1 undefined on input line 44.


LaTeX Warning: Citation `irl1' on page 1 undefined on input line 53.


LaTeX Warning: Citation `irl2' on page 1 undefined on input line 53.


LaTeX Warning: Citation `irl3' on page 1 undefined on input line 53.


LaTeX Warning: Citation `irl4' on page 1 undefined on input line 53.


LaTeX Warning: Citation `al' on page 1 undefined on input line 53.


LaTeX Warning: Citation `accountable' on page 1 undefined on input line 55.

[1{c:/texlive/2017/texmf-var/fonts/map/pdftex/updmap/pdftex.map}



]

LaTeX Warning: Citation `alignment' on page 2 undefined on input line 71.


LaTeX Warning: Citation `concrete' on page 2 undefined on input line 71.

LaTeX Font Info:    Font shape `OMS/ptm/m/n' in size <10> not available
(Font)              Font shape `OMS/cmsy/m/n' tried instead on input line 75.
LaTeX Font Info:    Font shape `OT1/ptm/bx/n' in size <10.95> not available
(Font)              Font shape `OT1/ptm/b/n' tried instead on input line 83.

LaTeX Warning: Citation `mastergo' on page 2 undefined on input line 84.


LaTeX Warning: Citation `alphago' on page 2 undefined on input line 84.


Underfull \hbox (badness 1102) in paragraph at lines 90--91
[]$\OMS/cmsy/m/n/10 T$ \OT1/ptm/m/n/10 is a tran-si-tion func-tion de-fined by 
$\OMS/cmsy/m/n/10 T\OT1/cmr/m/n/10 (\OML/cmm/m/it/10 s; a; s[]\OT1/cmr/m/n/10 )
 =
 []


LaTeX Warning: Citation `sarsa' on page 2 undefined on input line 100.


LaTeX Warning: Citation `behavior' on page 2 undefined on input line 112.


LaTeX Warning: Citation `rsdemo' on page 2 undefined on input line 112.


LaTeX Warning: Citation `rsdemo' on page 2 undefined on input line 112.

[2]

LaTeX Warning: Citation `integrate' on page 3 undefined on input line 140.


LaTeX Warning: Citation `reward' on page 3 undefined on input line 165.


LaTeX Warning: Reference `eq:2' on page 3 undefined on input line 165.


LaTeX Warning: Reference `eq:3' on page 3 undefined on input line 165.


LaTeX Warning: Reference `eq:1' on page 3 undefined on input line 179.


LaTeX Warning: Reference `eq:1' on page 3 undefined on input line 181.


LaTeX Warning: Reference `eq:1' on page 3 undefined on input line 182.


LaTeX Warning: Citation `accountable' on page 3 undefined on input line 190.


LaTeX Warning: Reference `eq:3' on page 3 undefined on input line 190.


LaTeX Warning: Reference `eq:3' on page 3 undefined on input line 190.

[3]

LaTeX Warning: Citation `armstrong' on page 4 undefined on input line 193.


LaTeX Warning: Citation `rledm' on page 4 undefined on input line 193.


LaTeX Warning: Citation `routeplanning' on page 4 undefined on input line 198.


LaTeX Warning: Reference `fig:mobj' on page 4 undefined on input line 214.


LaTeX Warning: Reference `fig:mcry' on page 4 undefined on input line 214.


LaTeX Warning: Reference `fig:mperf' on page 4 undefined on input line 214.

<milk_perf.png, id=28, 462.528pt x 346.896pt>
File: milk_perf.png Graphic file (type png)
 <use milk_perf.png>
Package pdftex.def Info: milk_perf.png used on input line 219.
(pdftex.def)             Requested size: 208.13567pt x 156.10175pt.

<milk_obj.png, id=30, 462.528pt x 346.896pt>
File: milk_obj.png Graphic file (type png)
 <use milk_obj.png>
Package pdftex.def Info: milk_obj.png used on input line 226.
(pdftex.def)             Requested size: 208.13567pt x 156.10175pt.

<milk_cry.png, id=31, 462.528pt x 346.896pt>
File: milk_cry.png Graphic file (type png)
 <use milk_cry.png>
Package pdftex.def Info: milk_cry.png used on input line 232.
(pdftex.def)             Requested size: 208.13567pt x 156.10175pt.


LaTeX Warning: Citation `av1' on page 4 undefined on input line 238.


LaTeX Warning: Citation `av2' on page 4 undefined on input line 238.


LaTeX Warning: Citation `al' on page 4 undefined on input line 240.


Underfull \hbox (badness 1342) in paragraph at lines 240--242
[]\OT1/ptm/m/n/10 Our car driv-ing sim-u-la-tion is sim-i-lar to the sec-ond
 []


Underfull \hbox (badness 10000) in paragraph at lines 240--242

 []

[4 <./milk_perf.png>]
LaTeX Font Info:    Try loading font information for U+bbm on input line 248.
 (c:/texlive/2017/texmf-dist/tex/latex/bbm-macros/ubbm.fd
File: ubbm.fd 1999/03/15 V 1.2 Font definition for bbm font - TH
)

LaTeX Warning: Reference `fig:rreward' on page 5 undefined on input line 258.


LaTeX Warning: Reference `fig:rcollision' on page 5 undefined on input line 258
.


LaTeX Warning: Reference `fig:rhit' on page 5 undefined on input line 258.

<racing_reward.png, id=36, 462.528pt x 346.896pt>
File: racing_reward.png Graphic file (type png)
 <use racing_reward.png>
Package pdftex.def Info: racing_reward.png used on input line 262.
(pdftex.def)             Requested size: 208.13567pt x 156.10175pt.

<racing_collision.png, id=37, 462.528pt x 346.896pt>
File: racing_collision.png Graphic file (type png)

<use racing_collision.png>
Package pdftex.def Info: racing_collision.png used on input line 268.
(pdftex.def)             Requested size: 208.13567pt x 156.10175pt.
 <racing_hit.png, id=38, 462.528pt x 346.896pt>
File: racing_hit.png Graphic file (type png)

<use racing_hit.png>
Package pdftex.def Info: racing_hit.png used on input line 274.
(pdftex.def)             Requested size: 208.13567pt x 156.10175pt.
 [5 <./milk_obj.png> <./milk_cry.png> <./racing_reward.png>]

LaTeX Warning: Citation `concrete' on page 6 undefined on input line 283.

<rescue_reward.png, id=48, 462.528pt x 346.896pt>
File: rescue_reward.png Graphic file (type png)
 <use rescue_reward.png>
Package pdftex.def Info: rescue_reward.png used on input line 287.
(pdftex.def)             Requested size: 208.13567pt x 156.10175pt.

<rescue_collision.png, id=49, 462.528pt x 346.896pt>
File: rescue_collision.png Graphic file (type png)

<use rescue_collision.png>
Package pdftex.def Info: rescue_collision.png used on input line 294.
(pdftex.def)             Requested size: 208.13567pt x 156.10175pt.
 <rescue_help.png, id=50, 462.528pt x 346.896pt>
File: rescue_help.png Graphic file (type png)

<use rescue_help.png>
Package pdftex.def Info: rescue_help.png used on input line 300.
(pdftex.def)             Requested size: 208.13567pt x 156.10175pt.


LaTeX Warning: Citation `me' on page 6 undefined on input line 306.


LaTeX Warning: Citation `wirehead' on page 6 undefined on input line 306.


LaTeX Warning: Citation `bostrom' on page 6 undefined on input line 306.


LaTeX Warning: Citation `super' on page 6 undefined on input line 306.


LaTeX Warning: Citation `concrete' on page 6 undefined on input line 306.


LaTeX Warning: Citation `sorry' on page 6 undefined on input line 310.


Underfull \vbox (badness 1762) has occurred while \output is active []

 [6 <./racing_collision.png> <./racing_hit.png> <./rescue_reward.png> <./rescue
_collision.png>]

LaTeX Warning: Citation `horty' on page 7 undefined on input line 313.


LaTeX Warning: Citation `clarke' on page 7 undefined on input line 313.


LaTeX Warning: Citation `deontic1' on page 7 undefined on input line 313.


LaTeX Warning: Citation `deontic2' on page 7 undefined on input line 313.


LaTeX Warning: Citation `priority' on page 7 undefined on input line 316.


LaTeX Warning: Citation `priority' on page 7 undefined on input line 316.


LaTeX Warning: Citation `aligning' on page 7 undefined on input line 316.


LaTeX Warning: Citation `stories' on page 7 undefined on input line 316.


LaTeX Warning: Citation `crowdsourced' on page 7 undefined on input line 316.


LaTeX Warning: Citation `armstrong' on page 7 undefined on input line 320.


LaTeX Warning: Citation `rledm' on page 7 undefined on input line 322.


LaTeX Warning: Citation `accountable' on page 7 undefined on input line 324.

(./ethics_shaping.bbl

Package balance Warning: You have called \balance in second column
(balance)                Columns might not be balanced.

[7 <./rescue_help.png>]
Missing character: There is no ‚ in font ptmr7t!
Missing character: There is no Ä in font ptmr7t!
Missing character: There is no ô in font ptmr7t!
Missing character: There is no ‚ in font ptmr7t!
Missing character: There is no Ä in font ptmr7t!
Missing character: There is no ù in font ptmr7t!

Underfull \hbox (badness 1194) in paragraph at lines 119--123
[]\OT1/ptm/m/n/10 Clarke, D.  1975.  The log-i-cal form of im-per-a-tives.
 []


Underfull \hbox (badness 1158) in paragraph at lines 233--238
[]\OT1/ptm/m/n/10 Strehl, A. L.; Li, L.; Wiewiora, E.; Lang-ford, J.; and
 []

) [8] (./ethics_shaping.aux)

LaTeX Warning: There were undefined references.


LaTeX Warning: Label(s) may have changed. Rerun to get cross-references right.

 ) 
Here is how much of TeX's memory you used:
 3341 strings out of 492995
 46793 string characters out of 6136401
 129804 words of memory out of 5000000
 6801 multiletter control sequences out of 15000+600000
 24061 words of font info for 52 fonts, out of 8000000 for 9000
 1141 hyphenation exceptions out of 8191
 39i,17n,26p,1197b,247s stack positions out of 5000i,500n,10000p,200000b,80000s
 <c:/Users/«Âª™¥Û—ß ’≈Õ•¡∫/.texlive2017/texmf-var/fonts/pk/ljfour/public/bbm/
bbm10.600pk>{c:/texlive/2017/texmf-dist/fonts/enc/dvips/base/8r.enc}<c:/texlive
/2017/texmf-dist/fonts/type1/public/amsfonts/cm/cmbx10.pfb><c:/texlive/2017/tex
mf-dist/fonts/type1/public/amsfonts/cm/cmbx7.pfb><c:/texlive/2017/texmf-dist/fo
nts/type1/public/amsfonts/cm/cmex10.pfb><c:/texlive/2017/texmf-dist/fonts/type1
/public/amsfonts/cmextra/cmex7.pfb><c:/texlive/2017/texmf-dist/fonts/type1/publ
ic/amsfonts/cm/cmmi10.pfb><c:/texlive/2017/texmf-dist/fonts/type1/public/amsfon
ts/cm/cmmi5.pfb><c:/texlive/2017/texmf-dist/fonts/type1/public/amsfonts/cm/cmmi
7.pfb><c:/texlive/2017/texmf-dist/fonts/type1/public/amsfonts/cm/cmr10.pfb><c:/
texlive/2017/texmf-dist/fonts/type1/public/amsfonts/cm/cmr5.pfb><c:/texlive/201
7/texmf-dist/fonts/type1/public/amsfonts/cm/cmr7.pfb><c:/texlive/2017/texmf-dis
t/fonts/type1/public/amsfonts/cm/cmsy10.pfb><c:/texlive/2017/texmf-dist/fonts/t
ype1/public/amsfonts/cm/cmsy5.pfb><c:/texlive/2017/texmf-dist/fonts/type1/publi
c/amsfonts/cm/cmsy7.pfb><c:/texlive/2017/texmf-dist/fonts/type1/public/amsfonts
/cm/cmsy9.pfb><c:/texlive/2017/texmf-dist/fonts/type1/public/amsfonts/symbols/m
sbm10.pfb><c:/texlive/2017/texmf-dist/fonts/type1/urw/times/utmb8a.pfb><c:/texl
ive/2017/texmf-dist/fonts/type1/urw/times/utmr8a.pfb><c:/texlive/2017/texmf-dis
t/fonts/type1/urw/times/utmri8a.pfb>
Output written on ethics_shaping.pdf (8 pages, 939375 bytes).
PDF statistics:
 128 PDF objects out of 1000 (max. 8388607)
 80 compressed objects within 1 object stream
 0 named destinations out of 1000 (max. 500000)
 46 words of extra memory for PDF output out of 10000 (max. 10000000)

